2020-02-12 12:28:18.7128 DEBUG In WhatsAppLinking
2020-02-12 12:28:19.1992 DEBUG Connected
2020-02-12 12:28:20.5727 DEBUG WhatsAppApi.WhatsApp
2020-02-12 13:14:10.7266 DEBUG In WhatsAppLinking
2020-02-12 13:14:14.2005 DEBUG Connected
2020-02-12 13:14:14.2312 DEBUG WhatsAppApi.WhatsApp
2020-02-12 13:16:04.4455 DEBUG In WhatsAppLinking
2020-02-12 13:16:28.4899 DEBUG In WhatsAppLinking
2020-02-12 13:16:59.5680 ERROR Something bad happened
2020-02-12 13:18:42.9013 DEBUG In WhatsAppLinking
2020-02-12 13:21:00.7515 DEBUG In WhatsAppLinking
2020-02-12 13:22:14.5707 ERROR Something bad happened
2020-02-12 13:22:24.5979 DEBUG In WhatsAppLinking
2020-02-12 13:24:58.4509 DEBUG In WhatsAppLinking
2020-02-12 13:25:13.2181 DEBUG Connected
2020-02-12 13:25:13.2288 DEBUG WhatsAppApi.WhatsApp
2020-02-12 13:29:16.6666 DEBUG In WhatsAppLinking
2020-02-12 13:29:41.0926 DEBUG Connected
2020-02-12 13:29:41.1178 DEBUG WhatsAppApi.WhatsApp
2020-02-12 13:31:28.6953 DEBUG In WhatsAppLinking
2020-02-12 13:31:35.0329 DEBUG Connected
2020-02-12 13:31:35.0485 DEBUG WhatsAppApi.WhatsApp
2020-02-12 13:33:18.9239 DEBUG In WhatsAppLinking
2020-02-12 13:33:25.6552 DEBUG Connected
2020-02-12 13:33:25.6677 DEBUG WhatsAppApi.WhatsApp
2020-02-12 13:49:27.8040 DEBUG In WhatsAppLinking
2020-02-12 13:49:36.6561 DEBUG Connected
2020-02-12 13:49:39.9897 DEBUG Message sent: $msg
2020-02-12 13:54:39.2533 DEBUG In WhatsAppLinking
2020-02-12 13:54:43.8835 DEBUG Connected
2020-02-12 13:54:43.9574 DEBUG Message sent: Test from Desktop
2020-02-12 14:26:57.8479 DEBUG In WhatsAppLinking
2020-02-12 14:27:05.2305 DEBUG Connected
2020-02-12 14:27:05.3070 DEBUG Message sent: Test from Desktop to 61411027060
2020-02-12 14:28:00.1579 DEBUG In WhatsAppLinking
2020-02-12 14:28:06.8297 DEBUG Connected
2020-02-12 14:28:06.8367 DEBUG Message sent: Test from Desktop to 61411027060
2020-02-12 14:28:20.3571 DEBUG In WhatsAppLinking
2020-02-12 14:28:20.7803 DEBUG Connected
2020-02-12 14:28:20.7803 DEBUG Message sent: Test from Desktop to 61411027060
2020-02-12 14:28:23.1715 DEBUG In WhatsAppLinking
2020-02-12 14:28:23.4388 DEBUG Connected
2020-02-12 14:28:23.4433 DEBUG Message sent: Test from Desktop to 61411027060
2020-02-12 14:29:05.8183 DEBUG In WhatsAppLinking
2020-02-12 14:29:10.1812 DEBUG Connected
2020-02-12 14:29:10.2044 DEBUG Message sent: Test from Desktop to 61411027042
2020-02-12 14:29:12.2087 DEBUG In WhatsAppLinking
2020-02-12 14:29:13.4821 DEBUG Connected
2020-02-12 14:29:13.4899 DEBUG Message sent: Test from Desktop to 61411027042
